<?xml version="1.0" encoding="UTF-8"?>
<!-- Generated by org.testng.reporters.JUnitXMLReporter -->
<testsuite ignored="0" hostname="DESKTOP-EPRBN7V" failures="0" tests="4" name="Default test" time="3.246" errors="0" timestamp="2022-02-26T15:43:08 SGT">
  <testcase classname="SeleniumTest" name="checkCreateTitle" time="0.572"/>
  <testcase classname="SeleniumTest" name="checkDashboardTitle" time="1.482"/>
  <testcase classname="SeleniumTest" name="checkEditTitle" time="0.164"/>
  <testcase classname="SeleniumTest" name="checkUrl" time="0.025"/>
</testsuite> <!-- Default test -->
