<?xml version="1.0" encoding="UTF-8"?>
<!-- Generated by org.testng.reporters.JUnitXMLReporter -->
<testsuite ignored="0" hostname="DESKTOP-EPRBN7V" failures="0" tests="4" name="Default test" time="4.785" errors="0" timestamp="2022-02-26T19:55:22 SGT">
  <testcase classname="SeleniumTest" name="checkCreateTitle" time="1.578"/>
  <testcase classname="SeleniumTest" name="checkDashboardTitle" time="1.627"/>
  <testcase classname="SeleniumTest" name="checkEditTitle" time="0.334"/>
  <testcase classname="SeleniumTest" name="checkUrl" time="0.028"/>
</testsuite> <!-- Default test -->
