<?xml version="1.0" encoding="UTF-8"?>
<testng-results ignored="0" total="4" passed="4" failed="0" skipped="0">
  <reporter-output>
  </reporter-output>
  <suite started-at="2022-02-26T19:55:17 SGT" name="Default suite" finished-at="2022-02-26T19:55:22 SGT" duration-ms="4785">
    <groups>
    </groups>
    <test started-at="2022-02-26T19:55:17 SGT" name="Default test" finished-at="2022-02-26T19:55:22 SGT" duration-ms="4785">
      <class name="SeleniumTest">
        <test-method is-config="true" signature="beforeTest()[pri:0, instance:SeleniumTest@76f2bbc1]" started-at="2022-02-26T19:55:17 SGT" name="beforeTest" finished-at="2022-02-26T19:55:18 SGT" duration-ms="1066" status="PASS">
          <reporter-output>
          </reporter-output>
        </test-method> <!-- beforeTest -->
        <test-method signature="checkCreateTitle()[pri:0, instance:SeleniumTest@76f2bbc1]" started-at="2022-02-26T19:55:18 SGT" name="checkCreateTitle" finished-at="2022-02-26T19:55:20 SGT" duration-ms="1578" status="PASS">
          <reporter-output>
          </reporter-output>
        </test-method> <!-- checkCreateTitle -->
        <test-method signature="checkDashboardTitle()[pri:0, instance:SeleniumTest@76f2bbc1]" started-at="2022-02-26T19:55:20 SGT" name="checkDashboardTitle" finished-at="2022-02-26T19:55:21 SGT" duration-ms="1627" status="PASS">
          <reporter-output>
          </reporter-output>
        </test-method> <!-- checkDashboardTitle -->
        <test-method signature="checkEditTitle()[pri:0, instance:SeleniumTest@76f2bbc1]" started-at="2022-02-26T19:55:21 SGT" name="checkEditTitle" finished-at="2022-02-26T19:55:22 SGT" duration-ms="334" status="PASS">
          <reporter-output>
          </reporter-output>
        </test-method> <!-- checkEditTitle -->
        <test-method signature="checkUrl()[pri:0, instance:SeleniumTest@76f2bbc1]" started-at="2022-02-26T19:55:22 SGT" name="checkUrl" finished-at="2022-02-26T19:55:22 SGT" duration-ms="28" status="PASS">
          <reporter-output>
          </reporter-output>
        </test-method> <!-- checkUrl -->
        <test-method is-config="true" signature="afterTest()[pri:0, instance:SeleniumTest@76f2bbc1]" started-at="2022-02-26T19:55:22 SGT" name="afterTest" finished-at="2022-02-26T19:55:22 SGT" duration-ms="131" status="PASS">
          <reporter-output>
          </reporter-output>
        </test-method> <!-- afterTest -->
      </class> <!-- SeleniumTest -->
    </test> <!-- Default test -->
  </suite> <!-- Default suite -->
</testng-results>
