<?xml version="1.0" encoding="UTF-8"?>
<testng-results ignored="0" total="1" passed="1" failed="0" skipped="0">
  <reporter-output>
  </reporter-output>
  <suite started-at="2022-02-26T04:26:51 SGT" name="Default suite" finished-at="2022-02-26T04:26:54 SGT" duration-ms="2667">
    <groups>
    </groups>
    <test started-at="2022-02-26T04:26:51 SGT" name="Default test" finished-at="2022-02-26T04:26:54 SGT" duration-ms="2667">
      <class name="SeleniumTest">
        <test-method is-config="true" signature="beforeTest()[pri:0, instance:SeleniumTest@36d585c]" started-at="2022-02-26T04:26:51 SGT" name="beforeTest" finished-at="2022-02-26T04:26:52 SGT" duration-ms="956" status="PASS">
          <reporter-output>
          </reporter-output>
        </test-method> <!-- beforeTest -->
        <test-method signature="checkTitle()[pri:0, instance:SeleniumTest@36d585c]" started-at="2022-02-26T04:26:52 SGT" name="checkTitle" finished-at="2022-02-26T04:26:54 SGT" duration-ms="1634" status="PASS">
          <reporter-output>
          </reporter-output>
        </test-method> <!-- checkTitle -->
        <test-method is-config="true" signature="afterTest()[pri:0, instance:SeleniumTest@36d585c]" started-at="2022-02-26T04:26:54 SGT" name="afterTest" finished-at="2022-02-26T04:26:54 SGT" duration-ms="61" status="PASS">
          <reporter-output>
          </reporter-output>
        </test-method> <!-- afterTest -->
      </class> <!-- SeleniumTest -->
    </test> <!-- Default test -->
  </suite> <!-- Default suite -->
</testng-results>
